<?xml version="1.0" encoding="UTF-8"?>
<!-- Generated by org.testng.reporters.JUnitReportReporter -->
<testsuite hostname="DESKTOP-TTAV2T1" failures="0" tests="1" name="RiteshAutomation.First.First" time="0.787" errors="0" timestamp="2022-09-11T22:18:15 IST" skipped="0">
  <testcase classname="RiteshAutomation.First.First" name="testCaseLogin" time="0.787"/>
  <system-out/>
</testsuite> <!-- RiteshAutomation.First.First -->
