<?xml version="1.0" encoding="UTF-8"?>
<!-- Generated by org.testng.reporters.JUnitReportReporter -->
<testsuite skipped="0" hostname="Ritesh" name="RiteshAutomation.First.Youtube" tests="1" failures="0" timestamp="2022-10-18T00:36:25 IST" time="37.082" errors="0">
  <testcase name="PlaySong" time="37.082" classname="RiteshAutomation.First.Youtube"/>
  <system-out/>
</testsuite> <!-- RiteshAutomation.First.Youtube -->
