<?xml version="1.0" encoding="UTF-8"?>
<!-- Generated by org.testng.reporters.JUnitReportReporter -->
<testsuite skipped="0" hostname="Ritesh" name="testngpractice.acti" tests="1" failures="0" timestamp="2022-10-16T01:11:07 IST" time="40.436" errors="0">
  <testcase name="actiTime" time="40.436" classname="testngpractice.acti"/>
  <system-out/>
</testsuite> <!-- testngpractice.acti -->
