<?xml version="1.0" encoding="UTF-8"?>
<!-- Generated by org.testng.reporters.JUnitReportReporter -->
<testsuite skipped="0" hostname="Ritesh" name="RiteshAutomation.First.TutorialNnja" tests="1" failures="0" timestamp="2022-10-18T14:56:31 IST" time="36.242" errors="0">
  <testcase name="VerifyTutorialNnja" time="36.242" classname="RiteshAutomation.First.TutorialNnja"/>
  <system-out/>
</testsuite> <!-- RiteshAutomation.First.TutorialNnja -->
