<?xml version="1.0" encoding="UTF-8"?>
<!-- Generated by org.testng.reporters.JUnitReportReporter -->
<testsuite skipped="0" hostname="Ritesh" name="RiteshAutomation.First.IccTeam" tests="1" failures="0" timestamp="2022-10-30T00:33:38 IST" time="221.243" errors="0">
  <testcase name="TeamRanking" time="221.243" classname="RiteshAutomation.First.IccTeam"/>
  <system-out/>
</testsuite> <!-- RiteshAutomation.First.IccTeam -->
