<?xml version="1.0" encoding="UTF-8"?>
<!-- Generated by org.testng.reporters.JUnitReportReporter -->
<testsuite skipped="0" hostname="Ritesh" name="RiteshAutomation.First.Icc" tests="1" failures="0" timestamp="2022-10-30T10:51:10 IST" time="145.830" errors="0">
  <testcase name="Ranking" time="145.830" classname="RiteshAutomation.First.Icc"/>
  <system-out/>
</testsuite> <!-- RiteshAutomation.First.Icc -->
